<?xml version="1.0" encoding="UTF-8"?>
<testsuite xmlns:xsi="http://www.w3.org/2001/XMLSchema-instance" xsi:noNamespaceSchemaLocation="https://maven.apache.org/surefire/maven-surefire-plugin/xsd/surefire-test-report.xsd" version="3.0.1" name="com.nt.service.ArithmeticTest" time="0.173" tests="3" errors="0" skipped="0" failures="0">
  <properties>
[...]
</properties>
  <testcase name="TestWithZeros" classname="com.nt.service.ArithmeticTest" time="0.073">
    <system-out><![CDATA[ArithmeticTest.setupOnce()
ArithmeticTest.TestWithZeros()
]]></system-out>
  </testcase>
  <testcase name="TestWithPostives" classname="com.nt.service.ArithmeticTest" time="0.003">
    <system-out><![CDATA[ArithmeticTest.TestWithPostives()
]]></system-out>
  </testcase>
  <testcase name="TestWithNegatives" classname="com.nt.service.ArithmeticTest" time="0.002">
    <system-out><![CDATA[ArithmeticTest.TestWithNegatives()
]]></system-out>
  </testcase>
</testsuite>